RUN	Hello.HelloSimulation	hellosimulation	1562960883958	 	3.0.2
USER	login	1	START	1562960884133	1562960884133
USER	login	2	START	1562960884614	1562960884614
USER	login	3	START	1562960884844	1562960884844
USER	login	4	START	1562960885023	1562960885023
USER	login	5	START	1562960885178	1562960885178
REQUEST	4		GET /login/	1562960885046	1562960885201	OK	 
REQUEST	1		GET /login/	1562960884878	1562960885200	OK	 
REQUEST	3		GET /login/	1562960884878	1562960885200	OK	 
REQUEST	3		GET /login/logout/	1562960885231	1562960885234	OK	 
REQUEST	1		GET /login/logout/	1562960885231	1562960885235	OK	 
USER	login	3	END	1562960884844	1562960885235
USER	login	1	END	1562960884133	1562960885235
REQUEST	4		GET /login/logout/	1562960885231	1562960885249	OK	 
USER	login	4	END	1562960885023	1562960885249
REQUEST	5		GET /login/	1562960885195	1562960885220	OK	 
REQUEST	5		GET /login/logout/	1562960885277	1562960885281	OK	 
USER	login	5	END	1562960885178	1562960885281
USER	login	6	START	1562960885304	1562960885304
USER	login	7	START	1562960885415	1562960885415
REQUEST	7		GET /login/	1562960885430	1562960885433	OK	 
REQUEST	7		GET /login/logout/	1562960885445	1562960885447	OK	 
USER	login	7	END	1562960885415	1562960885448
USER	login	8	START	1562960885514	1562960885514
USER	login	9	START	1562960885615	1562960885615
REQUEST	9		GET /login/	1562960885625	1562960885630	OK	 
REQUEST	9		GET /login/logout/	1562960885640	1562960885643	OK	 
USER	login	9	END	1562960885615	1562960885643
USER	login	10	START	1562960885694	1562960885694
USER	login	11	START	1562960885784	1562960885784
REQUEST	11		GET /login/	1562960885797	1562960885800	OK	 
REQUEST	11		GET /login/logout/	1562960885808	1562960885811	OK	 
USER	login	11	END	1562960885784	1562960885810
USER	login	12	START	1562960885864	1562960885864
USER	login	13	START	1562960885936	1562960885936
REQUEST	13		GET /login/	1562960885952	1562960885956	OK	 
REQUEST	13		GET /login/logout/	1562960885962	1562960885964	OK	 
USER	login	13	END	1562960885936	1562960885964
USER	login	14	START	1562960886004	1562960886004
USER	login	15	START	1562960886074	1562960886074
REQUEST	15		GET /login/	1562960886086	1562960886090	OK	 
REQUEST	15		GET /login/logout/	1562960886097	1562960886099	OK	 
USER	login	15	END	1562960886074	1562960886099
USER	login	16	START	1562960886144	1562960886144
USER	login	18	START	1562960886154	1562960886154
REQUEST	18		GET /login/	1562960886162	1562960886165	OK	 
REQUEST	18		GET /login/logout/	1562960886182	1562960886185	OK	 
USER	login	18	END	1562960886154	1562960886185
USER	login	17	START	1562960886205	1562960886205
USER	login	19	START	1562960886224	1562960886224
REQUEST	19		GET /login/	1562960886233	1562960886240	OK	 
REQUEST	19		GET /login/logout/	1562960886247	1562960886251	OK	 
USER	login	19	END	1562960886224	1562960886251
USER	login	20	START	1562960886285	1562960886285
USER	login	21	START	1562960886345	1562960886345
REQUEST	21		GET /login/	1562960886357	1562960886360	OK	 
REQUEST	21		GET /login/logout/	1562960886372	1562960886375	OK	 
USER	login	21	END	1562960886345	1562960886375
USER	login	22	START	1562960886404	1562960886404
USER	login	23	START	1562960886465	1562960886465
REQUEST	23		GET /login/	1562960886473	1562960886476	OK	 
REQUEST	23		GET /login/logout/	1562960886482	1562960886484	OK	 
USER	login	23	END	1562960886465	1562960886484
USER	login	24	START	1562960886524	1562960886524
USER	login	25	START	1562960886574	1562960886574
REQUEST	25		GET /login/	1562960886582	1562960886586	OK	 
REQUEST	25		GET /login/logout/	1562960886592	1562960886595	OK	 
USER	login	25	END	1562960886574	1562960886595
USER	login	26	START	1562960886634	1562960886634
REQUEST	2		GET /login/	1562960884878	1562960890153	OK	 
REQUEST	2		GET /login/logout/	1562960890162	1562960890164	OK	 
USER	login	2	END	1562960884614	1562960890164
USER	login	27	START	1562960890165	1562960890165
USER	login	28	START	1562960890166	1562960890166
USER	login	29	START	1562960890167	1562960890167
REQUEST	6		GET /login/	1562960885325	1562960890332	OK	 
REQUEST	6		GET /login/logout/	1562960890340	1562960890343	OK	 
USER	login	30	START	1562960890343	1562960890343
REQUEST	8		GET /login/	1562960885537	1562960890549	OK	 
REQUEST	8		GET /login/logout/	1562960890557	1562960890561	OK	 
REQUEST	10		GET /login/	1562960885704	1562960890715	OK	 
REQUEST	10		GET /login/logout/	1562960890725	1562960890729	OK	 
USER	login	31	START	1562960890729	1562960890729
USER	login	32	START	1562960890731	1562960890731
USER	login	33	START	1562960890732	1562960890732
USER	login	34	START	1562960890734	1562960890734
USER	login	6	END	1562960885304	1562960890343
USER	login	8	END	1562960885514	1562960890560
USER	login	10	END	1562960885694	1562960890728
REQUEST	12		GET /login/	1562960885877	1562960890881	OK	 
REQUEST	12		GET /login/logout/	1562960890889	1562960890892	OK	 
REQUEST	14		GET /login/	1562960886019	1562960891025	OK	 
REQUEST	14		GET /login/logout/	1562960891033	1562960891035	OK	 
REQUEST	16		GET /login/	1562960886157	1562960891162	OK	 
REQUEST	16		GET /login/logout/	1562960891168	1562960891170	OK	 
REQUEST	17		GET /login/	1562960886215	1562960891220	OK	 
REQUEST	17		GET /login/logout/	1562960891232	1562960891234	OK	 
REQUEST	20		GET /login/	1562960886302	1562960891308	OK	 
REQUEST	20		GET /login/logout/	1562960891316	1562960891330	OK	 
USER	login	35	START	1562960891332	1562960891332
USER	login	36	START	1562960891333	1562960891333
USER	login	37	START	1562960891334	1562960891334
USER	login	38	START	1562960891335	1562960891335
USER	login	39	START	1562960891336	1562960891336
USER	login	40	START	1562960891337	1562960891337
USER	login	41	START	1562960891338	1562960891338
USER	login	42	START	1562960891339	1562960891339
USER	login	43	START	1562960891340	1562960891340
USER	login	44	START	1562960891341	1562960891341
USER	login	45	START	1562960891342	1562960891342
USER	login	46	START	1562960891343	1562960891343
USER	login	47	START	1562960891344	1562960891344
USER	login	48	START	1562960891345	1562960891345
USER	login	49	START	1562960891346	1562960891346
USER	login	50	START	1562960891347	1562960891347
USER	login	12	END	1562960885864	1562960890892
USER	login	14	END	1562960886004	1562960891035
USER	login	16	END	1562960886144	1562960891170
USER	login	17	END	1562960886205	1562960891234
USER	login	20	END	1562960886285	1562960891330
REQUEST	22		GET /login/	1562960886412	1562960891421	OK	 
REQUEST	22		GET /login/logout/	1562960891428	1562960891431	OK	 
REQUEST	24		GET /login/	1562960886536	1562960891539	OK	 
REQUEST	24		GET /login/logout/	1562960891545	1562960891547	OK	 
USER	login	22	END	1562960886404	1562960891431
USER	login	24	END	1562960886524	1562960891547
REQUEST	26		GET /login/	1562960886643	1562960891649	OK	 
REQUEST	26		GET /login/logout/	1562960891659	1562960891662	OK	 
REQUEST	27		GET /login/	1562960890195	1562960895204	OK	 
REQUEST	27		GET /login/logout/	1562960895214	1562960895218	OK	 
USER	login	26	END	1562960886634	1562960891662
USER	login	27	END	1562960890165	1562960895217
REQUEST	28		GET /login/	1562960890352	1562960895361	OK	 
REQUEST	28		GET /login/logout/	1562960895368	1562960895371	OK	 
USER	login	28	END	1562960890166	1562960895370
REQUEST	29		GET /login/	1562960890567	1562960895571	OK	 
REQUEST	29		GET /login/logout/	1562960895577	1562960895580	OK	 
REQUEST	30		GET /login/	1562960890743	1562960895751	OK	 
REQUEST	30		GET /login/logout/	1562960895757	1562960895760	OK	 
REQUEST	31		GET /login/	1562960890900	1562960895908	OK	 
REQUEST	31		GET /login/logout/	1562960895914	1562960895917	OK	 
USER	login	29	END	1562960890167	1562960895580
USER	login	30	END	1562960890343	1562960895760
USER	login	31	END	1562960890729	1562960895916
REQUEST	32		GET /login/	1562960891042	1562960896046	OK	 
REQUEST	32		GET /login/logout/	1562960896050	1562960896052	OK	 
REQUEST	33		GET /login/	1562960891178	1562960896184	OK	 
REQUEST	33		GET /login/logout/	1562960896189	1562960896191	OK	 
USER	login	32	END	1562960890731	1562960896051
USER	login	33	END	1562960890732	1562960896190
REQUEST	34		GET /login/	1562960891241	1562960896250	OK	 
REQUEST	34		GET /login/logout/	1562960896254	1562960896256	OK	 
USER	login	34	END	1562960890734	1562960896256
REQUEST	35		GET /login/	1562960891388	1562960896394	OK	 
REQUEST	35		GET /login/logout/	1562960896398	1562960896400	OK	 
REQUEST	36		GET /login/	1562960891436	1562960896441	OK	 
REQUEST	36		GET /login/logout/	1562960896451	1562960896453	OK	 
REQUEST	37		GET /login/	1562960891554	1562960896560	OK	 
REQUEST	37		GET /login/logout/	1562960896564	1562960896566	OK	 
REQUEST	38		GET /login/	1562960891671	1562960896679	OK	 
REQUEST	38		GET /login/logout/	1562960896684	1562960896686	OK	 
REQUEST	39		GET /login/	1562960895224	1562960900230	OK	 
REQUEST	39		GET /login/logout/	1562960900238	1562960900240	OK	 
USER	login	35	END	1562960891332	1562960896399
USER	login	36	END	1562960891333	1562960896452
USER	login	37	END	1562960891334	1562960896566
USER	login	38	END	1562960891335	1562960896685
USER	login	39	END	1562960891336	1562960900240
REQUEST	40		GET /login/	1562960895377	1562960900385	OK	 
REQUEST	40		GET /login/logout/	1562960900391	1562960900393	OK	 
USER	login	40	END	1562960891337	1562960900392
REQUEST	41		GET /login/	1562960895615	1562960900621	OK	 
REQUEST	41		GET /login/logout/	1562960900628	1562960900632	OK	 
USER	login	41	END	1562960891338	1562960900632
REQUEST	42		GET /login/	1562960895770	1562960900777	OK	 
REQUEST	42		GET /login/logout/	1562960900783	1562960900785	OK	 
USER	login	42	END	1562960891339	1562960900785
REQUEST	43		GET /login/	1562960895924	1562960900930	OK	 
REQUEST	43		GET /login/logout/	1562960900938	1562960900940	OK	 
USER	login	43	END	1562960891340	1562960900940
REQUEST	44		GET /login/	1562960896057	1562960901062	OK	 
REQUEST	44		GET /login/logout/	1562960901068	1562960901070	OK	 
USER	login	44	END	1562960891341	1562960901069
REQUEST	45		GET /login/	1562960896195	1562960901201	OK	 
REQUEST	45		GET /login/logout/	1562960901206	1562960901208	OK	 
USER	login	45	END	1562960891342	1562960901208
REQUEST	46		GET /login/	1562960896261	1562960901267	OK	 
REQUEST	46		GET /login/logout/	1562960901272	1562960901274	OK	 
USER	login	46	END	1562960891343	1562960901274
REQUEST	47		GET /login/	1562960896404	1562960901411	OK	 
REQUEST	47		GET /login/logout/	1562960901417	1562960901419	OK	 
USER	login	47	END	1562960891344	1562960901419
REQUEST	48		GET /login/	1562960896457	1562960901464	OK	 
REQUEST	48		GET /login/logout/	1562960901468	1562960901470	OK	 
USER	login	48	END	1562960891345	1562960901469
REQUEST	49		GET /login/	1562960896580	1562960901587	OK	 
REQUEST	49		GET /login/logout/	1562960901593	1562960901596	OK	 
USER	login	49	END	1562960891346	1562960901595
REQUEST	50		GET /login/	1562960896691	1562960901697	OK	 
REQUEST	50		GET /login/logout/	1562960901702	1562960901704	OK	 
USER	login	50	END	1562960891347	1562960901703
